args: [./scriptseqchart aliimage.seq]       
+----+                             +-------+       +-------+                              +--+
|Aone|                             |git/svn|       |Freedom|                              |AI|
+-+--+                             +---+---+       +---+---+                              ++-+
  |                                    |               |                                   |
  |pull Dockerfile                     |               |                                   |
  |----------------------------------->|               |                                   |
  +---.                                |               |                                   |
  |   |build/push image                |               |                                   |
  |<--'                                |               |                                   |
  | update base image(appid,image url) |               |                                   |
  |------------------------------------+-------------->|                                   |
  |                                    |               |                                   |
  |                                    |           .-<-+                                   |
  |                                    |           |   +---.                               |
  |                                    |           |   |   |batch and rollback control     |
  |                                    |           |   |<--'                               |
  |                                    |           |   |update container(appid,image url)  |
  |                                    | loop:     |   |---------------------------------->|
  |                                    | batch     |   | done                              |
  |                                    | control   |   |<----------------------------------|
  |                                    |           |   |                                   |
  |                                    |           '->-+                                   |
  |                                    |               |                                   |
  | done                               |               |                                   |
  |<-----------------------------------+---------------|                                   |
  |                                    |               |                                   |
+-+--+                             +---+---+       +---+---+                              ++-+
|Aone|                             |git/svn|       |Freedom|                              |AI|
+----+                             +-------+       +-------+                              +--+


========================================================================================================


+----+                             +-------+       +-------+                              +--+
|Aone|                             |git/svn|       |Freedom|                              |AI|
+-+--+                             +---+---+       +---+---+                              ++-+
  |                                    |               |                                   |
  |pull Dockerfile                     |               |                                   |
  |----------------------------------->|               |                                   |
  +---.                                |               |                                   |
  |   |build/push image                |               |                                   |
  |<--'                                |               |                                   |
  | update base image(appid,image url) |               |                                   |
  |------------------------------------+-------------->|                                   |
  |                                    |               |                                   |
  |                               .--<-+               |                                   |
  |                               |    |               +---.                               |
  |                               |    |               |   |batch and rollback control     |
  |                               |    |               |<--'                               |
  |                               |    |     xxx       |update container(appid,image url)  |
  |                     loop:     |    |<--------------|---------------------------------->|
  |                     batch     |    |               | done                              |
  |                     control   |    |               |<----------------------------------|
  |                               |    |               |                                   |
  |                               '-->-+               |                                   |
  |                                    |               |                                   |
  | done                               |               |                                   |
  |<-----------------------------------+---------------|                                   |
  |                                    |               |                                   |
+-+--+                             +---+---+       +---+---+                              ++-+
|Aone|                             |git/svn|       |Freedom|                              |AI|
+----+                             +-------+       +-------+                              +--+
